[I 18:42:23.668 NotebookApp] JupyterLab extension loaded from /Users/iseongmin/opt/anaconda3/envs/ADP/lib/python3.7/site-packages/jupyterlab
[I 18:42:23.668 NotebookApp] JupyterLab application directory is /Users/iseongmin/opt/anaconda3/envs/ADP/share/jupyter/lab
[I 18:42:23.669 NotebookApp] Serving notebooks from local directory: /Users/iseongmin/workspaces/ADP
[I 18:42:23.669 NotebookApp] The Jupyter Notebook is running at:
[I 18:42:23.669 NotebookApp] http://localhost:8888/?token=0cb802baef33918927930495556f792e9accc5b28e2b01ab
[I 18:42:23.669 NotebookApp] Use Control-C to stop this server and shut down all kernels (twice to skip confirmation).
[C 18:42:23.683 NotebookApp] 
    
    To access the notebook, open this file in a browser:
        file:///Users/iseongmin/Library/Jupyter/runtime/nbserver-1590-open.html
    Or copy and paste one of these URLs:
        http://localhost:8888/?token=0cb802baef33918927930495556f792e9accc5b28e2b01ab
[W 18:42:24.159 NotebookApp] 404 GET /api/kernels/eb0f00ca-1c77-4b4a-b322-be1ac3b8948a/channels?session_id=6b2936999a41482f8c69348cff141202 (::1): Kernel does not exist: eb0f00ca-1c77-4b4a-b322-be1ac3b8948a
[W 18:42:24.189 NotebookApp] 404 GET /api/kernels/eb0f00ca-1c77-4b4a-b322-be1ac3b8948a/channels?session_id=6b2936999a41482f8c69348cff141202 (::1) 35.39ms referer=None
/Users/iseongmin/opt/anaconda3/envs/ADP/lib/python3.7/json/encoder.py:257: UserWarning: date_default is deprecated since jupyter_client 7.0.0. Use jupyter_client.jsonutil.json_default.
  return _iterencode(o, 0)
[W 18:42:32.248 NotebookApp] Replacing stale connection: eb0f00ca-1c77-4b4a-b322-be1ac3b8948a:6b2936999a41482f8c69348cff141202
[I 18:42:38.504 NotebookApp] interrupted
Serving notebooks from local directory: /Users/iseongmin/workspaces/ADP
0 active kernels
The Jupyter Notebook is running at:
http://localhost:8888/?token=0cb802baef33918927930495556f792e9accc5b28e2b01ab
Shutdown this notebook server (y/[n])? [I 18:42:40.656 NotebookApp] interrupted
resuming operation...
Serving notebooks from local directory: /Users/iseongmin/workspaces/ADP
0 active kernels
The Jupyter Notebook is running at:
http://localhost:8888/?token=0cb802baef33918927930495556f792e9accc5b28e2b01ab
Shutdown this notebook server (y/[n])? [I 18:43:16.993 NotebookApp] interrupted
resuming operation...
Serving notebooks from local directory: /Users/iseongmin/workspaces/ADP
0 active kernels
The Jupyter Notebook is running at:
http://localhost:8888/?token=0cb802baef33918927930495556f792e9accc5b28e2b01ab
Shutdown this notebook server (y/[n])? [I 18:44:23.626 NotebookApp] Saving file at /chapter02/chapter03.ipynb
